Started GET "/" for ::1 at 2022-10-14 13:57:12 +0300
  
ActiveRecord::ConnectionNotEstablished (connection to server on socket "/var/run/postgresql/.s.PGSQL.5432" failed: FATAL:  role "ihar.slepiankou" does not exist
):
  
activerecord (7.0.4) lib/active_record/connection_adapters/postgresql_adapter.rb:87:in `rescue in new_client'
activerecord (7.0.4) lib/active_record/connection_adapters/postgresql_adapter.rb:77:in `new_client'
activerecord (7.0.4) lib/active_record/connection_adapters/postgresql_adapter.rb:37:in `postgresql_connection'
activerecord (7.0.4) lib/active_record/connection_adapters/abstract/connection_pool.rb:656:in `public_send'
activerecord (7.0.4) lib/active_record/connection_adapters/abstract/connection_pool.rb:656:in `new_connection'
activerecord (7.0.4) lib/active_record/connection_adapters/abstract/connection_pool.rb:700:in `checkout_new_connection'
activerecord (7.0.4) lib/active_record/connection_adapters/abstract/connection_pool.rb:679:in `try_to_checkout_new_connection'
activerecord (7.0.4) lib/active_record/connection_adapters/abstract/connection_pool.rb:640:in `acquire_connection'
activerecord (7.0.4) lib/active_record/connection_adapters/abstract/connection_pool.rb:341:in `checkout'
activerecord (7.0.4) lib/active_record/connection_adapters/abstract/connection_pool.rb:181:in `connection'
activerecord (7.0.4) lib/active_record/connection_adapters/abstract/connection_handler.rb:211:in `retrieve_connection'
activerecord (7.0.4) lib/active_record/connection_handling.rb:313:in `retrieve_connection'
activerecord (7.0.4) lib/active_record/connection_handling.rb:280:in `connection'
activerecord (7.0.4) lib/active_record/migration.rb:613:in `connection'
activerecord (7.0.4) lib/active_record/migration.rb:608:in `build_watcher'
activerecord (7.0.4) lib/active_record/migration.rb:590:in `block in call'
activerecord (7.0.4) lib/active_record/migration.rb:589:in `synchronize'
activerecord (7.0.4) lib/active_record/migration.rb:589:in `call'
actionpack (7.0.4) lib/action_dispatch/middleware/callbacks.rb:27:in `block in call'
activesupport (7.0.4) lib/active_support/callbacks.rb:99:in `run_callbacks'
actionpack (7.0.4) lib/action_dispatch/middleware/callbacks.rb:26:in `call'
actionpack (7.0.4) lib/action_dispatch/middleware/executor.rb:14:in `call'
actionpack (7.0.4) lib/action_dispatch/middleware/actionable_exceptions.rb:17:in `call'
actionpack (7.0.4) lib/action_dispatch/middleware/debug_exceptions.rb:28:in `call'
web-console (4.2.0) lib/web_console/middleware.rb:132:in `call_app'
web-console (4.2.0) lib/web_console/middleware.rb:28:in `block in call'
web-console (4.2.0) lib/web_console/middleware.rb:17:in `catch'
web-console (4.2.0) lib/web_console/middleware.rb:17:in `call'
actionpack (7.0.4) lib/action_dispatch/middleware/show_exceptions.rb:26:in `call'
railties (7.0.4) lib/rails/rack/logger.rb:40:in `call_app'
railties (7.0.4) lib/rails/rack/logger.rb:25:in `block in call'
activesupport (7.0.4) lib/active_support/tagged_logging.rb:99:in `block in tagged'
activesupport (7.0.4) lib/active_support/tagged_logging.rb:37:in `tagged'
activesupport (7.0.4) lib/active_support/tagged_logging.rb:99:in `tagged'
railties (7.0.4) lib/rails/rack/logger.rb:25:in `call'
sprockets-rails (3.4.2) lib/sprockets/rails/quiet_assets.rb:13:in `call'
actionpack (7.0.4) lib/action_dispatch/middleware/remote_ip.rb:93:in `call'
actionpack (7.0.4) lib/action_dispatch/middleware/request_id.rb:26:in `call'
rack (2.2.4) lib/rack/method_override.rb:24:in `call'
rack (2.2.4) lib/rack/runtime.rb:22:in `call'
activesupport (7.0.4) lib/active_support/cache/strategy/local_cache_middleware.rb:29:in `call'
actionpack (7.0.4) lib/action_dispatch/middleware/server_timing.rb:61:in `block in call'
actionpack (7.0.4) lib/action_dispatch/middleware/server_timing.rb:26:in `collect_events'
actionpack (7.0.4) lib/action_dispatch/middleware/server_timing.rb:60:in `call'
actionpack (7.0.4) lib/action_dispatch/middleware/executor.rb:14:in `call'
actionpack (7.0.4) lib/action_dispatch/middleware/static.rb:23:in `call'
rack (2.2.4) lib/rack/sendfile.rb:110:in `call'
actionpack (7.0.4) lib/action_dispatch/middleware/host_authorization.rb:137:in `call'
railties (7.0.4) lib/rails/engine.rb:530:in `call'
puma (5.6.5) lib/puma/configuration.rb:252:in `call'
puma (5.6.5) lib/puma/request.rb:77:in `block in handle_request'
puma (5.6.5) lib/puma/thread_pool.rb:340:in `with_force_shutdown'
puma (5.6.5) lib/puma/request.rb:76:in `handle_request'
puma (5.6.5) lib/puma/server.rb:443:in `process_client'
puma (5.6.5) lib/puma/thread_pool.rb:147:in `block in spawn_thread'
Started GET "/" for ::1 at 2022-10-14 13:57:36 +0300
Processing by Rails::WelcomeController#index as HTML
  Rendering /usr/share/rvm/gems/ruby-3.1.2/gems/railties-7.0.4/lib/rails/templates/rails/welcome/index.html.erb
  Rendered /usr/share/rvm/gems/ruby-3.1.2/gems/railties-7.0.4/lib/rails/templates/rails/welcome/index.html.erb (Duration: 1.2ms | Allocations: 527)
Completed 200 OK in 7ms (Views: 2.5ms | ActiveRecord: 0.0ms | Allocations: 4188)


Started GET "/" for ::1 at 2022-10-14 13:59:17 +0300
Processing by PagesController#home as HTML
  Rendering layout layouts/application.html.erb
  Rendering pages/home.html.erb within layouts/application
  Rendered pages/home.html.erb within layouts/application (Duration: 0.4ms | Allocations: 333)
  Rendered layout layouts/application.html.erb (Duration: 4420.5ms | Allocations: 146237)
Completed 200 OK in 4425ms (Views: 4421.9ms | ActiveRecord: 0.0ms | Allocations: 149617)


Started GET "/" for ::1 at 2022-10-14 14:00:21 +0300
Processing by PagesController#home as HTML
  Rendering layout layouts/application.html.erb
  Rendering pages/home.html.erb within layouts/application
  Rendered pages/home.html.erb within layouts/application (Duration: 1.3ms | Allocations: 128)
  Rendered layout layouts/application.html.erb (Duration: 33.4ms | Allocations: 13515)
Completed 500 Internal Server Error in 39ms (ActiveRecord: 0.0ms | Allocations: 14400)


  
ActionView::Template::Error (Missing partial layouts/_home with {:locale=>[:en], :formats=>[:html], :variants=>[], :handlers=>[:raw, :erb, :html, :builder, :ruby, :jbuilder]}.

Searched in:
  * "/home/ihar.slepiankou/ihar_slepiankou/ruby/rails/rails-articles-analizer/app/views"
  * "/usr/share/rvm/gems/ruby-3.1.2/gems/actiontext-7.0.4/app/views"
  * "/usr/share/rvm/gems/ruby-3.1.2/gems/actionmailbox-7.0.4/app/views"

Did you mean?  layouts/header
               layouts/action_text/contents/content
               active_storage/blobs/blob
               action_text/contents/content
               action_text/attachment_galleries/attachment_gallery
               action_text/attachables/remote_image):
     9:     <%= javascript_importmap_tags %>
    10:   </head>
    11:   <body>
    12:     <%= render 'layouts/home' %>
    13:     <%= yield %>
    14:   </body>
    15: </html>
  
app/views/layouts/application.html.erb:12
Started GET "/" for ::1 at 2022-10-14 14:00:35 +0300
Processing by PagesController#home as HTML
  Rendering layout layouts/application.html.erb
  Rendering pages/home.html.erb within layouts/application
  Rendered pages/home.html.erb within layouts/application (Duration: 0.5ms | Allocations: 123)
  Rendered layouts/_header.html.erb (Duration: 0.8ms | Allocations: 130)
  Rendered layout layouts/application.html.erb (Duration: 18.4ms | Allocations: 6625)
Completed 200 OK in 22ms (Views: 20.4ms | ActiveRecord: 0.0ms | Allocations: 7472)


Started GET "/" for ::1 at 2022-10-14 14:01:25 +0300
Processing by PagesController#home as HTML
  Rendering layout layouts/application.html.erb
  Rendering pages/home.html.erb within layouts/application
  Rendered pages/home.html.erb within layouts/application (Duration: 0.6ms | Allocations: 123)
  Rendered layouts/_header.html.erb (Duration: 0.4ms | Allocations: 134)
  Rendered layout layouts/application.html.erb (Duration: 15.6ms | Allocations: 6641)
Completed 200 OK in 18ms (Views: 17.7ms | ActiveRecord: 0.0ms | Allocations: 7491)


Started GET "/" for ::1 at 2022-10-14 14:01:46 +0300
Processing by PagesController#home as HTML
  Rendering layout layouts/application.html.erb
  Rendering pages/home.html.erb within layouts/application
  Rendered pages/home.html.erb within layouts/application (Duration: 0.3ms | Allocations: 123)
  Rendered layouts/_header.html.erb (Duration: 0.3ms | Allocations: 132)
  Rendered layout layouts/application.html.erb (Duration: 8.9ms | Allocations: 6618)
Completed 200 OK in 11ms (Views: 10.5ms | ActiveRecord: 0.0ms | Allocations: 7457)


Started GET "/" for ::1 at 2022-10-14 14:02:19 +0300
Processing by PagesController#home as HTML
  Rendering layout layouts/application.html.erb
  Rendering pages/home.html.erb within layouts/application
  Rendered pages/home.html.erb within layouts/application (Duration: 0.3ms | Allocations: 123)
  Rendered layouts/_header.html.erb (Duration: 0.5ms | Allocations: 272)
  Rendered layout layouts/application.html.erb (Duration: 10.1ms | Allocations: 6755)
Completed 200 OK in 12ms (Views: 11.3ms | ActiveRecord: 0.0ms | Allocations: 7594)


Started GET "/" for ::1 at 2022-10-14 14:03:10 +0300
Processing by PagesController#home as HTML
  Rendering layout layouts/application.html.erb
  Rendering pages/home.html.erb within layouts/application
  Rendered pages/home.html.erb within layouts/application (Duration: 0.5ms | Allocations: 123)
  Rendered layouts/_header.html.erb (Duration: 1.1ms | Allocations: 1243)
  Rendered layout layouts/application.html.erb (Duration: 17.4ms | Allocations: 7717)
Completed 500 Internal Server Error in 20ms (ActiveRecord: 0.0ms | Allocations: 8542)


  
ActionView::SyntaxErrorInTemplate (Encountered a syntax error while rendering template: check <nav class="navbar navbar-dark bg-success navbar-expand-lg">
  <div class="container-fluid">
    <%= link_to "Newslizer", root_path, class: "navbar-brand" %>
    <button class="navbar-toggler" type="button" data-bs-toggle="collapse" data-bs-target="#navbarNavDropdown" aria-controls="navbarNavDropdown" aria-expanded="false" aria-label="Toggle navigation">
      <span class="navbar-toggler-icon"></span>
    </button>
    <div class="collapse navbar-collapse" id="navbarNavDropdown">
      <ul class="navbar-nav">
        <li class="nav-item">
          <%= link_to 'Home', root_path, class="nav-link active" aria-current="page" %>
        </li>
        <li class="nav-item">
          <a class="nav-link" href="#">Features</a>
        </li>
        <li class="nav-item">
          <a class="nav-link" href="#">Pricing</a>
        </li>
        <li class="nav-item dropdown">
          <a class="nav-link dropdown-toggle" href="#" role="button" data-bs-toggle="dropdown" aria-expanded="false">
            Dropdown link
          </a>
          <ul class="dropdown-menu">
            <li><a class="dropdown-item" href="#">Action</a></li>
            <li><a class="dropdown-item" href="#">Another action</a></li>
            <li><a class="dropdown-item" href="#">Something else here</a></li>
          </ul>
        </li>
      </ul>
    </div>
  </div>
</nav>

):
1:    <nav class="navbar navbar-dark bg-success navbar-expand-lg">
2:      <div class="container-fluid">
3:        <%= link_to "Newslizer", root_path, class: "navbar-brand" %>
4:        <button class="navbar-toggler" type="button" data-bs-toggle="collapse" data-bs-target="#navbarNavDropdown" aria-controls="navbarNavDropdown" aria-expanded="false" aria-label="Toggle navigation">
5:          <span class="navbar-toggler-icon"></span>
6:        </button>
7:        <div class="collapse navbar-collapse" id="navbarNavDropdown">
8:          <ul class="navbar-nav">
9:            <li class="nav-item">
10:              <%= link_to 'Home', root_path, class="nav-link active" aria-current="page" %>
11:            </li>
12:            <li class="nav-item">
13:              <a class="nav-link" href="#">Features</a>
14:            </li>
15:            <li class="nav-item">
16:              <a class="nav-link" href="#">Pricing</a>
17:            </li>
18:            <li class="nav-item dropdown">
19:              <a class="nav-link dropdown-toggle" href="#" role="button" data-bs-toggle="dropdown" aria-expanded="false">
20:                Dropdown link
21:              </a>
22:              <ul class="dropdown-menu">
23:                <li><a class="dropdown-item" href="#">Action</a></li>
24:                <li><a class="dropdown-item" href="#">Another action</a></li>
25:                <li><a class="dropdown-item" href="#">Something else here</a></li>
26:              </ul>
27:            </li>
28:          </ul>
29:        </div>
30:      </div>
31:    </nav>
  
app/views/layouts/_header.html.erb:10: syntax error, unexpected '='
app/views/layouts/_header.html.erb:10: syntax error, unexpected local variable or method, expecting ')'
app/views/layouts/_header.html.erb:10: syntax error, unexpected '='
app/views/layouts/_header.html.erb:10: syntax error, unexpected local variable or method, expecting ')'
app/views/layouts/_header.html.erb:10: syntax error, unexpected '='
app/views/layouts/_header.html.erb:10: syntax error, unexpected local variable or method, expecting ')'
app/views/layouts/_header.html.erb:10: syntax error, unexpected '='
app/views/layouts/_header.html.erb:10: syntax error, unexpected local variable or method, expecting ')'
app/views/layouts/_header.html.erb:10: syntax error, unexpected '='
app/views/layouts/_header.html.erb:10: syntax error, unexpected local variable or method, expecting ')'
app/views/layouts/_header.html.erb:10: syntax error, unexpected '='
app/views/layouts/_header.html.erb:10: syntax error, unexpected local variable or method, expecting ')'
app/views/layouts/application.html.erb:13
Started GET "/" for ::1 at 2022-10-14 14:03:31 +0300
Processing by PagesController#home as HTML
  Rendering layout layouts/application.html.erb
  Rendering pages/home.html.erb within layouts/application
  Rendered pages/home.html.erb within layouts/application (Duration: 0.4ms | Allocations: 123)
  Rendered layouts/_header.html.erb (Duration: 0.6ms | Allocations: 303)
  Rendered layout layouts/application.html.erb (Duration: 8.6ms | Allocations: 6786)
Completed 200 OK in 10ms (Views: 9.7ms | ActiveRecord: 0.0ms | Allocations: 7619)


Started GET "/" for ::1 at 2022-10-14 14:03:33 +0300
Processing by PagesController#home as HTML
  Rendering layout layouts/application.html.erb
  Rendering pages/home.html.erb within layouts/application
  Rendered pages/home.html.erb within layouts/application (Duration: 0.0ms | Allocations: 7)
  Rendered layouts/_header.html.erb (Duration: 0.2ms | Allocations: 100)
  Rendered layout layouts/application.html.erb (Duration: 8.5ms | Allocations: 5931)
Completed 200 OK in 9ms (Views: 8.9ms | ActiveRecord: 0.0ms | Allocations: 6209)


Started GET "/" for ::1 at 2022-10-14 14:03:34 +0300
Processing by PagesController#home as HTML
  Rendering layout layouts/application.html.erb
  Rendering pages/home.html.erb within layouts/application
  Rendered pages/home.html.erb within layouts/application (Duration: 0.1ms | Allocations: 7)
  Rendered layouts/_header.html.erb (Duration: 0.2ms | Allocations: 100)
  Rendered layout layouts/application.html.erb (Duration: 6.8ms | Allocations: 5907)
Completed 200 OK in 7ms (Views: 7.1ms | ActiveRecord: 0.0ms | Allocations: 6165)


Started GET "/" for ::1 at 2022-10-14 14:05:49 +0300
Processing by PagesController#home as HTML
  Rendering layout layouts/application.html.erb
  Rendering pages/home.html.erb within layouts/application
  Rendered pages/home.html.erb within layouts/application (Duration: 0.2ms | Allocations: 123)
  Rendered layouts/_header.html.erb (Duration: 1.1ms | Allocations: 402)
  Rendered layout layouts/application.html.erb (Duration: 8.2ms | Allocations: 6888)
Completed 200 OK in 10ms (Views: 9.1ms | Allocations: 7699)


Started GET "/" for ::1 at 2022-10-14 14:06:57 +0300
Processing by PagesController#home as HTML
  Rendering layout layouts/application.html.erb
  Rendering pages/home.html.erb within layouts/application
  Rendered pages/home.html.erb within layouts/application (Duration: 0.6ms | Allocations: 123)
  Rendered layouts/_header.html.erb (Duration: 4.7ms | Allocations: 512)
  Rendered layout layouts/application.html.erb (Duration: 28.7ms | Allocations: 7007)
Completed 200 OK in 32ms (Views: 30.9ms | Allocations: 7837)


Started GET "/" for ::1 at 2022-10-14 14:07:00 +0300
Processing by PagesController#home as HTML
  Rendering layout layouts/application.html.erb
  Rendering pages/home.html.erb within layouts/application
  Rendered pages/home.html.erb within layouts/application (Duration: 0.1ms | Allocations: 7)
  Rendered layouts/_header.html.erb (Duration: 0.5ms | Allocations: 238)
  Rendered layout layouts/application.html.erb (Duration: 6.4ms | Allocations: 6051)
Completed 200 OK in 7ms (Views: 6.7ms | Allocations: 6324)


Started GET "/" for ::1 at 2022-10-14 14:07:01 +0300
Processing by PagesController#home as HTML
  Rendering layout layouts/application.html.erb
  Rendering pages/home.html.erb within layouts/application
  Rendered pages/home.html.erb within layouts/application (Duration: 0.0ms | Allocations: 7)
  Rendered layouts/_header.html.erb (Duration: 0.3ms | Allocations: 238)
  Rendered layout layouts/application.html.erb (Duration: 10.3ms | Allocations: 6063)
Completed 200 OK in 11ms (Views: 10.6ms | Allocations: 6318)


Started GET "/" for ::1 at 2022-10-14 14:07:02 +0300
Processing by PagesController#home as HTML
  Rendering layout layouts/application.html.erb
  Rendering pages/home.html.erb within layouts/application
  Rendered pages/home.html.erb within layouts/application (Duration: 0.1ms | Allocations: 7)
  Rendered layouts/_header.html.erb (Duration: 0.6ms | Allocations: 238)
  Rendered layout layouts/application.html.erb (Duration: 27.3ms | Allocations: 6066)
Completed 200 OK in 30ms (Views: 28.5ms | Allocations: 6321)


Started GET "/" for ::1 at 2022-10-14 14:07:02 +0300
Processing by PagesController#home as HTML
  Rendering layout layouts/application.html.erb
  Rendering pages/home.html.erb within layouts/application
  Rendered pages/home.html.erb within layouts/application (Duration: 0.0ms | Allocations: 7)
  Rendered layouts/_header.html.erb (Duration: 0.2ms | Allocations: 238)
  Rendered layout layouts/application.html.erb (Duration: 9.5ms | Allocations: 6057)
Completed 200 OK in 10ms (Views: 9.9ms | Allocations: 6312)


Started GET "/" for ::1 at 2022-10-14 14:07:03 +0300
Processing by PagesController#home as HTML
  Rendering layout layouts/application.html.erb
  Rendering pages/home.html.erb within layouts/application
  Rendered pages/home.html.erb within layouts/application (Duration: 0.0ms | Allocations: 7)
  Rendered layouts/_header.html.erb (Duration: 0.3ms | Allocations: 238)
  Rendered layout layouts/application.html.erb (Duration: 5.8ms | Allocations: 6060)
Completed 200 OK in 7ms (Views: 6.2ms | Allocations: 6315)


Started GET "/" for ::1 at 2022-10-14 14:07:22 +0300
Processing by PagesController#home as HTML
  Rendering layout layouts/application.html.erb
  Rendering pages/home.html.erb within layouts/application
  Rendered pages/home.html.erb within layouts/application (Duration: 0.0ms | Allocations: 7)
  Rendered layouts/_header.html.erb (Duration: 0.3ms | Allocations: 238)
  Rendered layout layouts/application.html.erb (Duration: 6.4ms | Allocations: 6054)
Completed 200 OK in 7ms (Views: 6.8ms | Allocations: 6310)


Started GET "/" for ::1 at 2022-10-14 14:07:22 +0300
Processing by PagesController#home as HTML
  Rendering layout layouts/application.html.erb
  Rendering pages/home.html.erb within layouts/application
  Rendered pages/home.html.erb within layouts/application (Duration: 0.1ms | Allocations: 7)
  Rendered layouts/_header.html.erb (Duration: 0.6ms | Allocations: 238)
  Rendered layout layouts/application.html.erb (Duration: 27.4ms | Allocations: 6044)
Completed 200 OK in 29ms (Views: 28.6ms | Allocations: 6299)


Started GET "/" for ::1 at 2022-10-14 14:07:40 +0300
Processing by PagesController#home as HTML
  Rendering layout layouts/application.html.erb
  Rendering pages/home.html.erb within layouts/application
  Rendered pages/home.html.erb within layouts/application (Duration: 1.4ms | Allocations: 124)
  Rendered layouts/_header.html.erb (Duration: 1.8ms | Allocations: 504)
  Rendered layout layouts/application.html.erb (Duration: 23.3ms | Allocations: 6993)
Completed 200 OK in 30ms (Views: 27.8ms | Allocations: 7804)


Started GET "/" for ::1 at 2022-10-14 14:08:18 +0300
Processing by PagesController#home as HTML
  Rendering layout layouts/application.html.erb
  Rendering pages/home.html.erb within layouts/application
  Rendered pages/home.html.erb within layouts/application (Duration: 0.5ms | Allocations: 123)
  Rendered layouts/_header.html.erb (Duration: 0.9ms | Allocations: 512)
  Rendered layout layouts/application.html.erb (Duration: 7.9ms | Allocations: 6995)
Completed 200 OK in 10ms (Views: 9.0ms | Allocations: 7824)


Started GET "/" for ::1 at 2022-10-14 14:08:22 +0300
Processing by PagesController#home as HTML
  Rendering layout layouts/application.html.erb
  Rendering pages/home.html.erb within layouts/application
  Rendered pages/home.html.erb within layouts/application (Duration: 0.1ms | Allocations: 7)
  Rendered layouts/_header.html.erb (Duration: 0.6ms | Allocations: 238)
  Rendered layout layouts/application.html.erb (Duration: 21.8ms | Allocations: 6066)
Completed 200 OK in 24ms (Views: 22.8ms | Allocations: 6337)


Started GET "/" for ::1 at 2022-10-14 14:09:22 +0300
Processing by PagesController#home as HTML
  Rendering layout layouts/application.html.erb
  Rendering pages/home.html.erb within layouts/application
  Rendered pages/home.html.erb within layouts/application (Duration: 0.3ms | Allocations: 126)
  Rendered layouts/_header.html.erb (Duration: 1.7ms | Allocations: 507)
  Rendered layout layouts/application.html.erb (Duration: 9.0ms | Allocations: 7005)
Completed 200 OK in 13ms (Views: 12.3ms | Allocations: 7817)


Started GET "/" for ::1 at 2022-10-14 14:09:41 +0300
Processing by PagesController#home as HTML
  Rendering layout layouts/application.html.erb
  Rendering pages/home.html.erb within layouts/application
  Rendered pages/home.html.erb within layouts/application (Duration: 0.8ms | Allocations: 123)
  Rendered layouts/_header.html.erb (Duration: 1.5ms | Allocations: 506)
  Rendered layout layouts/application.html.erb (Duration: 13.6ms | Allocations: 8667)
Completed 500 Internal Server Error in 16ms (Allocations: 9469)


  
ActionView::Template::Error (Missing partial layouts/_footer with {:locale=>[:en], :formats=>[:html], :variants=>[], :handlers=>[:raw, :erb, :html, :builder, :ruby, :jbuilder]}.

Searched in:
  * "/home/ihar.slepiankou/ihar_slepiankou/ruby/rails/rails-articles-analizer/app/views"
  * "/usr/share/rvm/gems/ruby-3.1.2/gems/actiontext-7.0.4/app/views"
  * "/usr/share/rvm/gems/ruby-3.1.2/gems/actionmailbox-7.0.4/app/views"

Did you mean?  layouts/header
               layouts/action_text/contents/content
               action_text/contents/content
               active_storage/blobs/blob
               action_text/attachables/remote_image
               action_text/attachment_galleries/attachment_gallery):
    12:     <div class='container'>
    13:       <%= render 'layouts/header' %>
    14:       <%= yield %>
    15:       <%= render 'layouts/footer' %>
    16:     </div>
    17:   </body>
    18: </html>
  
app/views/layouts/application.html.erb:15
Started GET "/" for ::1 at 2022-10-14 14:09:56 +0300
Processing by PagesController#home as HTML
  Rendering layout layouts/application.html.erb
  Rendering pages/home.html.erb within layouts/application
  Rendered pages/home.html.erb within layouts/application (Duration: 0.8ms | Allocations: 123)
  Rendered layouts/_header.html.erb (Duration: 2.3ms | Allocations: 506)
  Rendered layouts/_footer.html.erb (Duration: 0.6ms | Allocations: 103)
  Rendered layout layouts/application.html.erb (Duration: 26.0ms | Allocations: 7246)
Completed 200 OK in 30ms (Views: 28.9ms | Allocations: 8069)


Started GET "/" for ::1 at 2022-10-14 14:10:27 +0300
Processing by PagesController#home as HTML
  Rendering layout layouts/application.html.erb
  Rendering pages/home.html.erb within layouts/application
  Rendered pages/home.html.erb within layouts/application (Duration: 1.0ms | Allocations: 123)
  Rendered layouts/_header.html.erb (Duration: 2.3ms | Allocations: 506)
  Rendered layouts/_footer.html.erb (Duration: 0.5ms | Allocations: 104)
  Rendered layout layouts/application.html.erb (Duration: 28.5ms | Allocations: 7213)
Completed 200 OK in 35ms (Views: 33.4ms | Allocations: 8042)


Started GET "/" for ::1 at 2022-10-14 14:10:42 +0300
Processing by PagesController#home as HTML
  Rendering layout layouts/application.html.erb
  Rendering pages/home.html.erb within layouts/application
  Rendered pages/home.html.erb within layouts/application (Duration: 0.3ms | Allocations: 123)
  Rendered layouts/_header.html.erb (Duration: 1.1ms | Allocations: 509)
  Rendered layouts/_footer.html.erb (Duration: 0.3ms | Allocations: 104)
  Rendered layout layouts/application.html.erb (Duration: 13.0ms | Allocations: 7224)
Completed 200 OK in 14ms (Views: 14.0ms | Allocations: 8054)


Started GET "/" for ::1 at 2022-10-14 14:11:33 +0300
Processing by PagesController#home as HTML
  Rendering layout layouts/application.html.erb
  Rendering pages/home.html.erb within layouts/application
  Rendered pages/home.html.erb within layouts/application (Duration: 1.3ms | Allocations: 123)
  Rendered layouts/_header.html.erb (Duration: 2.0ms | Allocations: 506)
  Rendered layouts/_footer.html.erb (Duration: 0.4ms | Allocations: 104)
  Rendered layout layouts/application.html.erb (Duration: 29.0ms | Allocations: 7221)
Completed 200 OK in 34ms (Views: 32.4ms | Allocations: 8050)


Started GET "/" for ::1 at 2022-10-14 14:12:10 +0300
Processing by PagesController#home as HTML
  Rendering layout layouts/application.html.erb
  Rendering pages/home.html.erb within layouts/application
  Rendered pages/home.html.erb within layouts/application (Duration: 0.0ms | Allocations: 7)
  Rendered layouts/_header.html.erb (Duration: 0.2ms | Allocations: 238)
  Rendered layouts/_footer.html.erb (Duration: 0.0ms | Allocations: 8)
  Rendered layout layouts/application.html.erb (Duration: 3860.1ms | Allocations: 39121)
Completed 200 OK in 3861ms (Views: 3860.4ms | Allocations: 39393)


Started GET "/" for ::1 at 2022-10-14 14:13:05 +0300
Processing by PagesController#home as HTML
  Rendering layout layouts/application.html.erb
  Rendering pages/home.html.erb within layouts/application
  Rendered pages/home.html.erb within layouts/application (Duration: 1.3ms | Allocations: 128)
  Rendered layouts/_header.html.erb (Duration: 2.0ms | Allocations: 507)
  Rendered layouts/_footer.html.erb (Duration: 0.4ms | Allocations: 105)
  Rendered layout layouts/application.html.erb (Duration: 29.2ms | Allocations: 7273)
Completed 200 OK in 37ms (Views: 33.7ms | Allocations: 8084)


Started GET "/" for ::1 at 2022-10-14 14:13:14 +0300
Processing by PagesController#home as HTML
  Rendering layout layouts/application.html.erb
  Rendering pages/home.html.erb within layouts/application
  Rendered pages/home.html.erb within layouts/application (Duration: 0.4ms | Allocations: 123)
  Rendered layouts/_header.html.erb (Duration: 2.4ms | Allocations: 506)
  Rendered layouts/_footer.html.erb (Duration: 0.5ms | Allocations: 105)
  Rendered layout layouts/application.html.erb (Duration: 14.8ms | Allocations: 7273)
Completed 200 OK in 17ms (Views: 16.5ms | Allocations: 8102)


Started GET "/" for ::1 at 2022-10-14 14:13:26 +0300
Processing by PagesController#home as HTML
  Rendering layout layouts/application.html.erb
  Rendering pages/home.html.erb within layouts/application
  Rendered pages/home.html.erb within layouts/application (Duration: 1.0ms | Allocations: 123)
  Rendered layouts/_header.html.erb (Duration: 2.1ms | Allocations: 506)
  Rendered layouts/_footer.html.erb (Duration: 0.8ms | Allocations: 105)
  Rendered layout layouts/application.html.erb (Duration: 30.6ms | Allocations: 7286)
Completed 200 OK in 35ms (Views: 33.5ms | Allocations: 8115)


Started GET "/" for ::1 at 2022-10-14 14:13:37 +0300
Processing by PagesController#home as HTML
  Rendering layout layouts/application.html.erb
  Rendering pages/home.html.erb within layouts/application
  Rendered pages/home.html.erb within layouts/application (Duration: 0.4ms | Allocations: 123)
  Rendered layouts/_header.html.erb (Duration: 1.2ms | Allocations: 506)
  Rendered layouts/_footer.html.erb (Duration: 0.3ms | Allocations: 105)
  Rendered layout layouts/application.html.erb (Duration: 9.6ms | Allocations: 7276)
Completed 200 OK in 12ms (Views: 11.2ms | Allocations: 8106)


Started GET "/" for ::1 at 2022-10-14 14:13:49 +0300
Processing by PagesController#home as HTML
  Rendering layout layouts/application.html.erb
  Rendering pages/home.html.erb within layouts/application
  Rendered pages/home.html.erb within layouts/application (Duration: 1.0ms | Allocations: 123)
  Rendered layouts/_header.html.erb (Duration: 2.6ms | Allocations: 506)
  Rendered layouts/_footer.html.erb (Duration: 0.4ms | Allocations: 105)
  Rendered layout layouts/application.html.erb (Duration: 26.4ms | Allocations: 7285)
Completed 200 OK in 31ms (Views: 29.8ms | Allocations: 8114)


Started GET "/" for ::1 at 2022-10-14 14:13:54 +0300
Processing by PagesController#home as HTML
  Rendering layout layouts/application.html.erb
  Rendering pages/home.html.erb within layouts/application
  Rendered pages/home.html.erb within layouts/application (Duration: 0.6ms | Allocations: 123)
  Rendered layouts/_header.html.erb (Duration: 2.8ms | Allocations: 506)
  Rendered layouts/_footer.html.erb (Duration: 0.6ms | Allocations: 104)
  Rendered layout layouts/application.html.erb (Duration: 20.2ms | Allocations: 7257)
Completed 200 OK in 24ms (Views: 22.5ms | Allocations: 8086)


Started GET "/" for ::1 at 2022-10-14 14:14:00 +0300
Processing by PagesController#home as HTML
  Rendering layout layouts/application.html.erb
  Rendering pages/home.html.erb within layouts/application
  Rendered pages/home.html.erb within layouts/application (Duration: 0.7ms | Allocations: 123)
  Rendered layouts/_header.html.erb (Duration: 5.1ms | Allocations: 506)
  Rendered layouts/_footer.html.erb (Duration: 0.3ms | Allocations: 105)
  Rendered layout layouts/application.html.erb (Duration: 51.4ms | Allocations: 7294)
Completed 200 OK in 58ms (Views: 57.5ms | Allocations: 8123)


Started GET "/" for ::1 at 2022-10-14 14:14:08 +0300
Processing by PagesController#home as HTML
  Rendering layout layouts/application.html.erb
  Rendering pages/home.html.erb within layouts/application
  Rendered pages/home.html.erb within layouts/application (Duration: 0.4ms | Allocations: 126)
  Rendered layouts/_header.html.erb (Duration: 1.2ms | Allocations: 506)
  Rendered layouts/_footer.html.erb (Duration: 0.3ms | Allocations: 105)
  Rendered layout layouts/application.html.erb (Duration: 11.4ms | Allocations: 7288)
Completed 200 OK in 42ms (Views: 32.9ms | Allocations: 8118)


Started GET "/" for ::1 at 2022-10-14 14:14:13 +0300
Processing by PagesController#home as HTML
  Rendering layout layouts/application.html.erb
  Rendering pages/home.html.erb within layouts/application
  Rendered pages/home.html.erb within layouts/application (Duration: 0.4ms | Allocations: 123)
  Rendered layouts/_header.html.erb (Duration: 1.3ms | Allocations: 507)
  Rendered layouts/_footer.html.erb (Duration: 0.3ms | Allocations: 105)
  Rendered layout layouts/application.html.erb (Duration: 9.1ms | Allocations: 7271)
Completed 200 OK in 11ms (Views: 10.2ms | Allocations: 8100)


Started GET "/" for ::1 at 2022-10-14 14:14:23 +0300
Processing by PagesController#home as HTML
  Rendering layout layouts/application.html.erb
  Rendering pages/home.html.erb within layouts/application
  Rendered pages/home.html.erb within layouts/application (Duration: 0.3ms | Allocations: 123)
  Rendered layouts/_header.html.erb (Duration: 1.4ms | Allocations: 506)
  Rendered layouts/_footer.html.erb (Duration: 0.3ms | Allocations: 105)
  Rendered layout layouts/application.html.erb (Duration: 9.1ms | Allocations: 7279)
Completed 200 OK in 11ms (Views: 10.1ms | Allocations: 8108)


Started GET "/" for ::1 at 2022-10-14 14:14:25 +0300
Processing by PagesController#home as HTML
  Rendering layout layouts/application.html.erb
  Rendering pages/home.html.erb within layouts/application
  Rendered pages/home.html.erb within layouts/application (Duration: 0.1ms | Allocations: 7)
  Rendered layouts/_header.html.erb (Duration: 0.9ms | Allocations: 238)
  Rendered layouts/_footer.html.erb (Duration: 0.0ms | Allocations: 8)
  Rendered layout layouts/application.html.erb (Duration: 23.8ms | Allocations: 6157)
Completed 200 OK in 26ms (Views: 24.8ms | Allocations: 6428)


Started GET "/" for ::1 at 2022-10-14 14:14:25 +0300
Processing by PagesController#home as HTML
  Rendering layout layouts/application.html.erb
  Rendering pages/home.html.erb within layouts/application
  Rendered pages/home.html.erb within layouts/application (Duration: 0.1ms | Allocations: 7)
  Rendered layouts/_header.html.erb (Duration: 0.3ms | Allocations: 238)
  Rendered layouts/_footer.html.erb (Duration: 0.0ms | Allocations: 8)
  Rendered layout layouts/application.html.erb (Duration: 26.6ms | Allocations: 6172)
Completed 200 OK in 29ms (Views: 27.6ms | Allocations: 6425)


Started GET "/" for ::1 at 2022-10-14 14:16:08 +0300
Processing by PagesController#home as HTML
  Rendering layout layouts/application.html.erb
  Rendering pages/home.html.erb within layouts/application
  Rendered pages/home.html.erb within layouts/application (Duration: 0.4ms | Allocations: 123)
  Rendered layouts/_header.html.erb (Duration: 1.3ms | Allocations: 506)
  Rendered layouts/_footer.html.erb (Duration: 0.2ms | Allocations: 104)
  Rendered layout layouts/application.html.erb (Duration: 8.1ms | Allocations: 7276)
Completed 200 OK in 10ms (Views: 9.3ms | Allocations: 8088)


Started GET "/" for ::1 at 2022-10-14 14:16:49 +0300
Processing by PagesController#home as HTML
  Rendering layout layouts/application.html.erb
  Rendering pages/home.html.erb within layouts/application
  Rendered pages/home.html.erb within layouts/application (Duration: 1.1ms | Allocations: 123)
  Rendered layouts/_header.html.erb (Duration: 1.8ms | Allocations: 506)
  Rendered layouts/_footer.html.erb (Duration: 0.4ms | Allocations: 104)
  Rendered layout layouts/application.html.erb (Duration: 22.5ms | Allocations: 7273)
Completed 200 OK in 28ms (Views: 26.3ms | Allocations: 8102)


Started GET "/" for ::1 at 2022-10-14 14:16:58 +0300
Processing by PagesController#home as HTML
  Rendering layout layouts/application.html.erb
  Rendering pages/home.html.erb within layouts/application
  Rendered pages/home.html.erb within layouts/application (Duration: 1.0ms | Allocations: 123)
  Rendered layouts/_header.html.erb (Duration: 2.2ms | Allocations: 511)
  Rendered layouts/_footer.html.erb (Duration: 0.8ms | Allocations: 104)
  Rendered layout layouts/application.html.erb (Duration: 36.2ms | Allocations: 7266)
Completed 200 OK in 41ms (Views: 39.5ms | Allocations: 8096)


Started GET "/" for ::1 at 2022-10-14 14:17:15 +0300
Processing by PagesController#home as HTML
  Rendering layout layouts/application.html.erb
  Rendering pages/home.html.erb within layouts/application
  Rendered pages/home.html.erb within layouts/application (Duration: 0.7ms | Allocations: 127)
  Rendered layouts/_header.html.erb (Duration: 1.7ms | Allocations: 507)
  Rendered layouts/_footer.html.erb (Duration: 0.3ms | Allocations: 104)
  Rendered layout layouts/application.html.erb (Duration: 13.1ms | Allocations: 7290)
Completed 200 OK in 17ms (Views: 15.8ms | Allocations: 8120)


Started GET "/" for ::1 at 2022-10-14 14:17:44 +0300
Processing by PagesController#home as HTML
  Rendering layout layouts/application.html.erb
  Rendering pages/home.html.erb within layouts/application
  Rendered pages/home.html.erb within layouts/application (Duration: 0.2ms | Allocations: 131)
  Rendered layouts/_header.html.erb (Duration: 0.8ms | Allocations: 506)
  Rendered layouts/_footer.html.erb (Duration: 0.2ms | Allocations: 104)
  Rendered layout layouts/application.html.erb (Duration: 6.6ms | Allocations: 7274)
Completed 200 OK in 8ms (Views: 7.4ms | Allocations: 8103)


Started GET "/" for ::1 at 2022-10-14 14:17:57 +0300
Processing by PagesController#home as HTML
  Rendering layout layouts/application.html.erb
  Rendering pages/home.html.erb within layouts/application
  Rendered pages/home.html.erb within layouts/application (Duration: 1.0ms | Allocations: 131)
  Rendered layouts/_header.html.erb (Duration: 2.6ms | Allocations: 506)
  Rendered layouts/_footer.html.erb (Duration: 0.5ms | Allocations: 104)
  Rendered layout layouts/application.html.erb (Duration: 28.9ms | Allocations: 7268)
Completed 200 OK in 34ms (Views: 32.0ms | Allocations: 8097)


Started GET "/" for ::1 at 2022-10-14 14:18:23 +0300
Processing by PagesController#home as HTML
  Rendering layout layouts/application.html.erb
  Rendering pages/home.html.erb within layouts/application
  Rendered pages/home.html.erb within layouts/application (Duration: 0.3ms | Allocations: 132)
  Rendered layouts/_header.html.erb (Duration: 1.2ms | Allocations: 506)
  Rendered layouts/_footer.html.erb (Duration: 0.2ms | Allocations: 104)
  Rendered layout layouts/application.html.erb (Duration: 8.2ms | Allocations: 7311)
Completed 200 OK in 10ms (Views: 9.3ms | Allocations: 8141)


Started GET "/" for ::1 at 2022-10-14 14:18:30 +0300
Processing by PagesController#home as HTML
  Rendering layout layouts/application.html.erb
  Rendering pages/home.html.erb within layouts/application
  Rendered pages/home.html.erb within layouts/application (Duration: 0.5ms | Allocations: 132)
  Rendered layouts/_header.html.erb (Duration: 1.3ms | Allocations: 506)
  Rendered layouts/_footer.html.erb (Duration: 0.3ms | Allocations: 104)
  Rendered layout layouts/application.html.erb (Duration: 10.1ms | Allocations: 7293)
Completed 200 OK in 13ms (Views: 11.9ms | Allocations: 8122)


Started GET "/" for ::1 at 2022-10-14 14:18:39 +0300
Processing by PagesController#home as HTML
  Rendering layout layouts/application.html.erb
  Rendering pages/home.html.erb within layouts/application
  Rendered pages/home.html.erb within layouts/application (Duration: 0.4ms | Allocations: 135)
  Rendered layouts/_header.html.erb (Duration: 1.6ms | Allocations: 507)
  Rendered layouts/_footer.html.erb (Duration: 0.3ms | Allocations: 104)
  Rendered layout layouts/application.html.erb (Duration: 9.4ms | Allocations: 7312)
Completed 200 OK in 11ms (Views: 10.4ms | Allocations: 8142)


Started GET "/" for ::1 at 2022-10-14 14:19:04 +0300
Processing by PagesController#home as HTML
  Rendering layout layouts/application.html.erb
  Rendering pages/home.html.erb within layouts/application
  Rendered pages/home.html.erb within layouts/application (Duration: 0.3ms | Allocations: 136)
  Rendered layouts/_header.html.erb (Duration: 1.2ms | Allocations: 507)
  Rendered layouts/_footer.html.erb (Duration: 2.1ms | Allocations: 104)
  Rendered layout layouts/application.html.erb (Duration: 11.3ms | Allocations: 7293)
Completed 200 OK in 13ms (Views: 12.5ms | Allocations: 8123)


Started GET "/" for ::1 at 2022-10-14 14:19:17 +0300
Processing by PagesController#home as HTML
  Rendering layout layouts/application.html.erb
  Rendering pages/home.html.erb within layouts/application
  Rendered pages/home.html.erb within layouts/application (Duration: 0.7ms | Allocations: 136)
  Rendered layouts/_header.html.erb (Duration: 2.6ms | Allocations: 506)
  Rendered layouts/_footer.html.erb (Duration: 0.5ms | Allocations: 104)
  Rendered layout layouts/application.html.erb (Duration: 15.4ms | Allocations: 7279)
Completed 200 OK in 18ms (Views: 16.8ms | Allocations: 8108)


Started GET "/" for ::1 at 2022-10-14 14:19:33 +0300
Processing by PagesController#home as HTML
  Rendering layout layouts/application.html.erb
  Rendering pages/home.html.erb within layouts/application
  Rendered pages/home.html.erb within layouts/application (Duration: 1.0ms | Allocations: 136)
  Rendered layouts/_header.html.erb (Duration: 2.6ms | Allocations: 506)
  Rendered layouts/_footer.html.erb (Duration: 0.5ms | Allocations: 104)
  Rendered layout layouts/application.html.erb (Duration: 29.8ms | Allocations: 7294)
Completed 200 OK in 35ms (Views: 33.8ms | Allocations: 8123)


Started GET "/" for ::1 at 2022-10-14 14:19:43 +0300
Processing by PagesController#home as HTML
  Rendering layout layouts/application.html.erb
  Rendering pages/home.html.erb within layouts/application
  Rendered pages/home.html.erb within layouts/application (Duration: 2.4ms | Allocations: 136)
  Rendered layouts/_header.html.erb (Duration: 1.2ms | Allocations: 506)
  Rendered layouts/_footer.html.erb (Duration: 0.2ms | Allocations: 104)
  Rendered layout layouts/application.html.erb (Duration: 14.7ms | Allocations: 7282)
Completed 200 OK in 20ms (Views: 18.5ms | Allocations: 8112)


Started GET "/" for ::1 at 2022-10-14 14:19:49 +0300
Processing by PagesController#home as HTML
  Rendering layout layouts/application.html.erb
  Rendering pages/home.html.erb within layouts/application
  Rendered pages/home.html.erb within layouts/application (Duration: 0.3ms | Allocations: 136)
  Rendered layouts/_header.html.erb (Duration: 4.3ms | Allocations: 506)
  Rendered layouts/_footer.html.erb (Duration: 0.3ms | Allocations: 109)
  Rendered layout layouts/application.html.erb (Duration: 12.6ms | Allocations: 7278)
Completed 200 OK in 14ms (Views: 13.5ms | Allocations: 8108)


Started GET "/" for ::1 at 2022-10-14 14:19:57 +0300
Processing by PagesController#home as HTML
  Rendering layout layouts/application.html.erb
  Rendering pages/home.html.erb within layouts/application
  Rendered pages/home.html.erb within layouts/application (Duration: 0.4ms | Allocations: 136)
  Rendered layouts/_header.html.erb (Duration: 1.2ms | Allocations: 506)
  Rendered layouts/_footer.html.erb (Duration: 0.3ms | Allocations: 104)
  Rendered layout layouts/application.html.erb (Duration: 9.5ms | Allocations: 7302)
Completed 200 OK in 11ms (Views: 10.5ms | Allocations: 8132)


Started GET "/" for ::1 at 2022-10-14 14:20:02 +0300
Processing by PagesController#home as HTML
  Rendering layout layouts/application.html.erb
  Rendering pages/home.html.erb within layouts/application
  Rendered pages/home.html.erb within layouts/application (Duration: 0.2ms | Allocations: 137)
  Rendered layouts/_header.html.erb (Duration: 1.4ms | Allocations: 506)
  Rendered layouts/_footer.html.erb (Duration: 0.3ms | Allocations: 104)
  Rendered layout layouts/application.html.erb (Duration: 8.5ms | Allocations: 7296)
Completed 200 OK in 10ms (Views: 9.3ms | Allocations: 8126)


Started GET "/" for ::1 at 2022-10-14 14:20:19 +0300
Processing by PagesController#home as HTML
  Rendering layout layouts/application.html.erb
  Rendering pages/home.html.erb within layouts/application
  Rendered pages/home.html.erb within layouts/application (Duration: 0.3ms | Allocations: 136)
  Rendered layouts/_header.html.erb (Duration: 1.5ms | Allocations: 506)
  Rendered layouts/_footer.html.erb (Duration: 1.6ms | Allocations: 104)
  Rendered layout layouts/application.html.erb (Duration: 12.8ms | Allocations: 7288)
Completed 200 OK in 14ms (Views: 13.9ms | Allocations: 8117)


Started GET "/" for ::1 at 2022-10-14 14:20:29 +0300
Processing by PagesController#home as HTML
  Rendering layout layouts/application.html.erb
  Rendering pages/home.html.erb within layouts/application
  Rendered pages/home.html.erb within layouts/application (Duration: 0.3ms | Allocations: 136)
  Rendered layouts/_header.html.erb (Duration: 1.1ms | Allocations: 506)
  Rendered layouts/_footer.html.erb (Duration: 0.2ms | Allocations: 104)
  Rendered layout layouts/application.html.erb (Duration: 8.6ms | Allocations: 7303)
Completed 200 OK in 10ms (Views: 9.6ms | Allocations: 8132)


Started GET "/" for ::1 at 2022-10-14 14:20:38 +0300
Processing by PagesController#home as HTML
  Rendering layout layouts/application.html.erb
  Rendering pages/home.html.erb within layouts/application
  Rendered pages/home.html.erb within layouts/application (Duration: 0.3ms | Allocations: 136)
  Rendered layouts/_header.html.erb (Duration: 1.4ms | Allocations: 506)
  Rendered layouts/_footer.html.erb (Duration: 1.0ms | Allocations: 104)
  Rendered layout layouts/application.html.erb (Duration: 10.1ms | Allocations: 7291)
Completed 200 OK in 12ms (Views: 11.0ms | Allocations: 8121)


Started GET "/" for ::1 at 2022-10-14 14:21:38 +0300
Processing by PagesController#home as HTML
  Rendering layout layouts/application.html.erb
  Rendering pages/home.html.erb within layouts/application
  Rendered pages/home.html.erb within layouts/application (Duration: 0.5ms | Allocations: 266)
  Rendered layouts/_header.html.erb (Duration: 1.1ms | Allocations: 471)
  Rendered layouts/_footer.html.erb (Duration: 0.2ms | Allocations: 104)
  Rendered layout layouts/application.html.erb (Duration: 9.1ms | Allocations: 7394)
Completed 200 OK in 11ms (Views: 10.1ms | Allocations: 8224)


Started GET "/" for ::1 at 2022-10-14 14:21:43 +0300
Processing by PagesController#home as HTML
  Rendering layout layouts/application.html.erb
  Rendering pages/home.html.erb within layouts/application
  Rendered pages/home.html.erb within layouts/application (Duration: 1.1ms | Allocations: 258)
  Rendered layouts/_header.html.erb (Duration: 2.2ms | Allocations: 471)
  Rendered layouts/_footer.html.erb (Duration: 0.7ms | Allocations: 104)
  Rendered layout layouts/application.html.erb (Duration: 25.1ms | Allocations: 7351)
Completed 200 OK in 29ms (Views: 28.0ms | Allocations: 8181)


Started GET "/" for ::1 at 2022-10-14 14:21:54 +0300
Processing by PagesController#home as HTML
  Rendering layout layouts/application.html.erb
  Rendering pages/home.html.erb within layouts/application
  Rendered pages/home.html.erb within layouts/application (Duration: 0.4ms | Allocations: 258)
  Rendered layouts/_header.html.erb (Duration: 1.4ms | Allocations: 470)
  Rendered layouts/_footer.html.erb (Duration: 0.3ms | Allocations: 104)
  Rendered layout layouts/application.html.erb (Duration: 9.2ms | Allocations: 7349)
Completed 200 OK in 11ms (Views: 10.2ms | Allocations: 8179)


Started GET "/" for ::1 at 2022-10-14 14:22:02 +0300
Processing by PagesController#home as HTML
  Rendering layout layouts/application.html.erb
  Rendering pages/home.html.erb within layouts/application
  Rendered pages/home.html.erb within layouts/application (Duration: 0.4ms | Allocations: 258)
  Rendered layouts/_header.html.erb (Duration: 1.2ms | Allocations: 470)
  Rendered layouts/_footer.html.erb (Duration: 0.3ms | Allocations: 104)
  Rendered layout layouts/application.html.erb (Duration: 8.2ms | Allocations: 7343)
Completed 200 OK in 10ms (Views: 9.2ms | Allocations: 8172)


Started GET "/" for ::1 at 2022-10-14 14:22:10 +0300
Processing by PagesController#home as HTML
  Rendering layout layouts/application.html.erb
  Rendering pages/home.html.erb within layouts/application
  Rendered pages/home.html.erb within layouts/application (Duration: 0.4ms | Allocations: 258)
  Rendered layouts/_header.html.erb (Duration: 1.0ms | Allocations: 470)
  Rendered layouts/_footer.html.erb (Duration: 0.2ms | Allocations: 104)
  Rendered layout layouts/application.html.erb (Duration: 9.5ms | Allocations: 7364)
Completed 200 OK in 11ms (Views: 10.5ms | Allocations: 8193)


Started GET "/" for ::1 at 2022-10-14 14:22:22 +0300
Processing by PagesController#home as HTML
  Rendering layout layouts/application.html.erb
  Rendering pages/home.html.erb within layouts/application
  Rendered pages/home.html.erb within layouts/application (Duration: 0.2ms | Allocations: 53)
  Rendered layouts/_header.html.erb (Duration: 0.3ms | Allocations: 229)
  Rendered layouts/_footer.html.erb (Duration: 0.0ms | Allocations: 8)
  Rendered layout layouts/application.html.erb (Duration: 8.9ms | Allocations: 6235)
Completed 200 OK in 10ms (Views: 9.4ms | Allocations: 6509)


Started GET "/" for ::1 at 2022-10-14 14:22:33 +0300
Processing by PagesController#home as HTML
  Rendering layout layouts/application.html.erb
  Rendering pages/home.html.erb within layouts/application
  Rendered pages/home.html.erb within layouts/application (Duration: 0.6ms | Allocations: 262)
  Rendered layouts/_header.html.erb (Duration: 1.1ms | Allocations: 470)
  Rendered layouts/_footer.html.erb (Duration: 0.2ms | Allocations: 105)
  Rendered layout layouts/application.html.erb (Duration: 9.4ms | Allocations: 7371)
Completed 200 OK in 11ms (Views: 10.8ms | Allocations: 8183)


Started GET "/" for ::1 at 2022-10-14 14:22:46 +0300
Processing by PagesController#home as HTML
  Rendering layout layouts/application.html.erb
  Rendering pages/home.html.erb within layouts/application
  Rendered pages/home.html.erb within layouts/application (Duration: 0.4ms | Allocations: 258)
  Rendered layouts/_header.html.erb (Duration: 1.1ms | Allocations: 471)
  Rendered layouts/_footer.html.erb (Duration: 0.2ms | Allocations: 104)
  Rendered layout layouts/application.html.erb (Duration: 9.4ms | Allocations: 7360)
Completed 200 OK in 11ms (Views: 10.7ms | Allocations: 8190)


Started GET "/" for ::1 at 2022-10-14 14:22:51 +0300
Processing by PagesController#home as HTML
  Rendering layout layouts/application.html.erb
  Rendering pages/home.html.erb within layouts/application
  Rendered pages/home.html.erb within layouts/application (Duration: 0.5ms | Allocations: 53)
  Rendered layouts/_header.html.erb (Duration: 0.4ms | Allocations: 229)
  Rendered layouts/_footer.html.erb (Duration: 0.1ms | Allocations: 8)
  Rendered layout layouts/application.html.erb (Duration: 20.3ms | Allocations: 6229)
Completed 200 OK in 23ms (Views: 21.4ms | Allocations: 6501)


Started GET "/" for ::1 at 2022-10-14 14:25:29 +0300
Processing by PagesController#home as HTML
  Rendering layout layouts/application.html.erb
  Rendering pages/home.html.erb within layouts/application
  Rendered pages/home.html.erb within layouts/application (Duration: 0.9ms | Allocations: 553)
  Rendered layouts/_header.html.erb (Duration: 0.8ms | Allocations: 499)
  Rendered layouts/_footer.html.erb (Duration: 0.2ms | Allocations: 103)
  Rendered layout layouts/application.html.erb (Duration: 547.8ms | Allocations: 63344)
Completed 200 OK in 553ms (Views: 550.2ms | ActiveRecord: 0.0ms | Allocations: 66719)


